<?xml version="1.0" encoding="UTF-8"?>
<!-- Generated by org.testng.reporters.JUnitXMLReporter -->
<testsuite ignored="0" hostname="DESKTOP-NVJBT54" failures="0" tests="3" name="Default test" time="44.34" errors="0" timestamp="2025-09-17T17:06:02 BDT">
  <testcase classname="TestCases.CM_ManagePlansFilter" name="testManagePlans" time="12.355"/>
  <testcase classname="TestCases.CM_ManagePlansFilter" name="testManagePlans2" time="11.233"/>
  <testcase classname="TestCases.CM_ManagePlansFilter" name="testManagePlans3" time="11.263"/>
</testsuite> <!-- Default test -->
