<?xml version="1.0" encoding="UTF-8"?>
<!-- Generated by org.testng.reporters.JUnitXMLReporter -->
<testsuite ignored="0" hostname="DESKTOP-NVJBT54" failures="0" tests="8" name="Calender-Month" time="195.449" errors="0" timestamp="2025-09-24T12:48:46 BDT">
  <testcase classname="TestCases.CM_ManagePlansCreateNewPlan" name="CM_ManagePlans_CreateNewPlan" time="19.995"/>
  <testcase classname="TestCases.CM_ManagePlansDraft" name="CM_ManagePlans_Draft" time="18.275"/>
  <testcase classname="TestCases.CM_ManagePlansFilter" name="CM_ManagePlans_Filter1" time="13.579"/>
  <testcase classname="TestCases.CM_ManagePlansFilter" name="CM_ManagePlans_Filter2" time="11.313"/>
  <testcase classname="TestCases.CM_ManagePlansFilter" name="CM_ManagePlans_Filter3" time="11.251"/>
  <testcase classname="TestCases.CM_ManagePlansSearch" name="CM_ManagePlans_Search" time="16.07"/>
  <testcase classname="TestCases.CM_ManagePlansDeleteDraft" name="CM_ManagePlans_DeleteDraft" time="24.721"/>
  <testcase classname="TestCases.CM_ManagePlansEditPlan" name="CM_ManagePlans_EditPlan" time="31.042"/>
</testsuite> <!-- Calender-Month -->
