<?xml version="1.0" encoding="UTF-8"?>
<!-- Generated by org.testng.reporters.JUnitXMLReporter -->
<testsuite ignored="0" hostname="DESKTOP-NVJBT54" failures="0" tests="4" name="Calender-Month" time="126.312" errors="0" timestamp="2025-10-05T13:48:47 BDT">
  <testcase classname="TestCases.CM_OrganizationSearch" name="CM_Organization_Search" time="21.794"/>
  <testcase classname="TestCases.CM_OrganizationEdit" name="CM_OrganizationEdit1" time="30.792"/>
  <testcase classname="TestCases.CM_OrganizationEdit" name="CM_OrganizationEdit2" time="31.181"/>
  <testcase classname="TestCases.CM_OrganizationEdit" name="CM_OrganizationEdit3" time="24.169"/>
</testsuite> <!-- Calender-Month -->
